c:\dev\leviathan\sandbox\x64debug\vc142.pdb
c:\dev\leviathan\sandbox\x64debug\vc142.idb
c:\dev\leviathan\sandbox\x64debug\texture.obj
c:\dev\leviathan\sandbox\x64debug\sandboxapp.obj
c:\dev\leviathan\sandbox\x64debug\map.obj
c:\dev\leviathan\sandbox\x64debug\main.obj
c:\dev\leviathan\sandbox\x64debug\layermanager.obj
c:\dev\leviathan\sandbox\x64debug\layer.obj
c:\dev\leviathan\sandbox\x64debug\font.obj
c:\dev\leviathan\sandbox\x64debug\entity.obj
c:\dev\leviathan\sandbox\x64debug\collision.obj
c:\dev\leviathan\sandbox\x64debug\camera.obj
c:\dev\leviathan\sandbox\x64debug\assetmanager.obj
c:\dev\leviathan\sandbox\x64debug\application.obj
c:\dev\leviathan\sandbox\x64debug\animation.obj
c:\dev\leviathan\sandbox\x64debug\sandbox.ilk
c:\dev\leviathan\sandbox\x64debug\sandbox.exe
c:\dev\leviathan\sandbox\x64debug\sandbox.pdb
c:\dev\leviathan\sandbox\x64debug\sandbox.tlog\cl.command.1.tlog
c:\dev\leviathan\sandbox\x64debug\sandbox.tlog\cl.read.1.tlog
c:\dev\leviathan\sandbox\x64debug\sandbox.tlog\cl.write.1.tlog
c:\dev\leviathan\sandbox\x64debug\sandbox.tlog\link.command.1.tlog
c:\dev\leviathan\sandbox\x64debug\sandbox.tlog\link.read.1.tlog
c:\dev\leviathan\sandbox\x64debug\sandbox.tlog\link.write.1.tlog
